app/build/outputs/logs/manifest-merger-debug-report.txt
-- Merging decision tree log ---
manifest
ADDED from src/main/AndroidManifest.xml:16:1-44:12
	package
		ADDED from src/main/AndroidManifest.xml:17:7-50
		INJECTED from src/main/AndroidManifest.xml
		INJECTED from src/main/AndroidManifest.xml
	android:versionName
		ADDED from src/main/AndroidManifest.xml:19:7-32
		INJECTED from src/main/AndroidManifest.xml
		INJECTED from src/main/AndroidManifest.xml
	android:versionCode
		ADDED from src/main/AndroidManifest.xml:18:7-30
		INJECTED from src/main/AndroidManifest.xml
		INJECTED from src/main/AndroidManifest.xml
	xmlns:android
		ADDED from src/main/AndroidManifest.xml:16:11-69
uses-sdk
ADDED from src/main/AndroidManifest.xml:20:5-43
	android:minSdkVersion
		ADDED from src/main/AndroidManifest.xml:20:15-40
uses-permission#android.permission.BLUETOOTH_ADMIN
ADDED from src/main/AndroidManifest.xml:23:5-74
	android:name
		ADDED from src/main/AndroidManifest.xml:23:22-71
uses-permission#android.permission.BLUETOOTH
ADDED from src/main/AndroidManifest.xml:24:5-68
	android:name
		ADDED from src/main/AndroidManifest.xml:24:22-65
application
ADDED from src/main/AndroidManifest.xml:26:5-43:19
	android:label
		ADDED from src/main/AndroidManifest.xml:26:18-50
	android:icon
		ADDED from src/main/AndroidManifest.xml:27:18-51
activity#com.example.android.BluetoothChat.BluetoothChat
ADDED from src/main/AndroidManifest.xml:28:9-35:20
	android:label
		ADDED from src/main/AndroidManifest.xml:29:19-51
	android:windowSoftInputMode
		ADDED from src/main/AndroidManifest.xml:30:11-50
	android:name
		ADDED from src/main/AndroidManifest.xml:28:19-48
intent-filter#android.intent.action.MAIN+android.intent.category.LAUNCHER
ADDED from src/main/AndroidManifest.xml:31:13-34:29
action#android.intent.action.MAIN
ADDED from src/main/AndroidManifest.xml:32:17-69
	android:name
		ADDED from src/main/AndroidManifest.xml:32:25-66
category#android.intent.category.LAUNCHER
ADDED from src/main/AndroidManifest.xml:33:17-77
	android:name
		ADDED from src/main/AndroidManifest.xml:33:27-74
activity#com.example.android.BluetoothChat.DeviceListActivity
ADDED from src/main/AndroidManifest.xml:36:9-39:72
	android:label
		ADDED from src/main/AndroidManifest.xml:37:19-56
	android:configChanges
		ADDED from src/main/AndroidManifest.xml:39:19-69
	android:theme
		ADDED from src/main/AndroidManifest.xml:38:19-62
	android:name
		ADDED from src/main/AndroidManifest.xml:36:19-53
activity#com.example.android.BluetoothChat.FullScreen
ADDED from src/main/AndroidManifest.xml:40:9-42:25
	android:windowSoftInputMode
		ADDED from src/main/AndroidManifest.xml:41:13-65
	android:name
		ADDED from src/main/AndroidManifest.xml:40:19-44